Change Component Footprint: Designator=C2 Old Footprint=C0805 New Footprint=C1206
Change Component Footprint: Designator=C3 Old Footprint=C1206 New Footprint=C0805
Change Component Footprint: Designator=P1 Old Footprint=HR911105A New Footprint=HDR2X5
Change Component Comment : Designator=C2 Old Comment=Cap New Comment=tanCap
Change Component Comment : Designator=P1 Old Comment=HR911105A New Comment=????
Change Component Comment : Designator=C3 Old Comment=tanCap New Comment=Cap
Change Component Comment : Designator=P2 Old Comment=???? New Comment=HR911105A
Added Component: Designator=C9(C0805)
Add component (AddParameter): Name = "LatestRevisionDate"; Value = "17-Jul-2002"; VariantName = "[No Variations]"
Add component (AddParameter): Name = "LatestRevisionNote"; Value = "Re-released for DXP Platform."; VariantName = "[No Variations]"
Add component (AddParameter): Name = "PackageDescription"; Value = "Radial Cap, Thru-Hole; 2 Leads; 0.3 in Pin Spacing"; VariantName = "[No Variations]"
Add component (AddParameter): Name = "PackageReference"; Value = "RAD-0.3"; VariantName = "[No Variations]"
Add component (AddParameter): Name = "Published"; Value = "8-Jun-2000"; VariantName = "[No Variations]"
Add component (AddParameter): Name = "Publisher"; Value = "Altium Limited"; VariantName = "[No Variations]"
Add component (AddParameter): Name = "Value"; Value = "22nF"; VariantName = "[No Variations]"
Added Component: Designator=D1(C0805)
Add component (AddParameter): Name = "LatestRevisionDate"; Value = "08-Jul-2005"; VariantName = "[No Variations]"
Add component (AddParameter): Name = "LatestRevisionNote"; Value = "Mech Layer 1 removed."; VariantName = "[No Variations]"
Add component (AddParameter): Name = "PackageDescription"; Value = "LED; 2 Leads"; VariantName = "[No Variations]"
Add component (AddParameter): Name = "PackageReference"; Value = "LED-0"; VariantName = "[No Variations]"
Add component (AddParameter): Name = "Published"; Value = "8-Jun-2000"; VariantName = "[No Variations]"
Add component (AddParameter): Name = "Publisher"; Value = "Altium Limited"; VariantName = "[No Variations]"
Added Component: Designator=R7(C0805)
Add component (AddParameter): Name = "LatestRevisionDate"; Value = "17-Jul-2002"; VariantName = "[No Variations]"
Add component (AddParameter): Name = "LatestRevisionNote"; Value = "Re-released for DXP Platform."; VariantName = "[No Variations]"
Add component (AddParameter): Name = "PackageDescription"; Value = "Axial Device, Thru-Hole; 2 Leads; 0.4 in Pin Spacing"; VariantName = "[No Variations]"
Add component (AddParameter): Name = "PackageReference"; Value = "AXIAL-0.4"; VariantName = "[No Variations]"
Add component (AddParameter): Name = "Published"; Value = "8-Jun-2000"; VariantName = "[No Variations]"
Add component (AddParameter): Name = "Publisher"; Value = "Altium Limited"; VariantName = "[No Variations]"
Add component (AddParameter): Name = "Value"; Value = "10K"; VariantName = "[No Variations]"
Added Component: Designator=R9(C0805)
Add component (AddParameter): Name = "LatestRevisionDate"; Value = "17-Jul-2002"; VariantName = "[No Variations]"
Add component (AddParameter): Name = "LatestRevisionNote"; Value = "Re-released for DXP Platform."; VariantName = "[No Variations]"
Add component (AddParameter): Name = "PackageDescription"; Value = "Axial Device, Thru-Hole; 2 Leads; 0.4 in Pin Spacing"; VariantName = "[No Variations]"
Add component (AddParameter): Name = "PackageReference"; Value = "AXIAL-0.4"; VariantName = "[No Variations]"
Add component (AddParameter): Name = "Published"; Value = "8-Jun-2000"; VariantName = "[No Variations]"
Add component (AddParameter): Name = "Publisher"; Value = "Altium Limited"; VariantName = "[No Variations]"
Add component (AddParameter): Name = "Value"; Value = "10K"; VariantName = "[No Variations]"
Added Component: Designator=R11(C0805)
Add component (AddParameter): Name = "LatestRevisionDate"; Value = "17-Jul-2002"; VariantName = "[No Variations]"
Add component (AddParameter): Name = "LatestRevisionNote"; Value = "Re-released for DXP Platform."; VariantName = "[No Variations]"
Add component (AddParameter): Name = "PackageDescription"; Value = "Axial Device, Thru-Hole; 2 Leads; 0.4 in Pin Spacing"; VariantName = "[No Variations]"
Add component (AddParameter): Name = "PackageReference"; Value = "AXIAL-0.4"; VariantName = "[No Variations]"
Add component (AddParameter): Name = "Published"; Value = "8-Jun-2000"; VariantName = "[No Variations]"
Add component (AddParameter): Name = "Publisher"; Value = "Altium Limited"; VariantName = "[No Variations]"
Add component (AddParameter): Name = "Value"; Value = "10K"; VariantName = "[No Variations]"
Added Component: Designator=R13(C0805)
Add component (AddParameter): Name = "LatestRevisionDate"; Value = "17-Jul-2002"; VariantName = "[No Variations]"
Add component (AddParameter): Name = "LatestRevisionNote"; Value = "Re-released for DXP Platform."; VariantName = "[No Variations]"
Add component (AddParameter): Name = "PackageDescription"; Value = "Axial Device, Thru-Hole; 2 Leads; 0.4 in Pin Spacing"; VariantName = "[No Variations]"
Add component (AddParameter): Name = "PackageReference"; Value = "AXIAL-0.4"; VariantName = "[No Variations]"
Add component (AddParameter): Name = "Published"; Value = "8-Jun-2000"; VariantName = "[No Variations]"
Add component (AddParameter): Name = "Publisher"; Value = "Altium Limited"; VariantName = "[No Variations]"
Add component (AddParameter): Name = "Value"; Value = "1K"; VariantName = "[No Variations]"
Added Component: Designator=U3(SOT223_M)
Added Pin To Net: NetName=GND Pin=C1-2
Added Pin To Net: NetName=GND Pin=C2-2
Added Pin To Net: NetName=GND Pin=C3-2
Added Pin To Net: NetName=GND Pin=C4-2
Added Pin To Net: NetName=GND Pin=C5-2
Added Pin To Net: NetName=GND Pin=C6-1
Added Pin To Net: NetName=GND Pin=C7-2
Added Pin To Net: NetName=GND Pin=C9-2
Added Pin To Net: NetName=GND Pin=C10-1
Added Pin To Net: NetName=GND Pin=C12-1
Added Pin To Net: NetName=GND Pin=C13-2
Added Pin To Net: NetName=GND Pin=C14-2
Added Pin To Net: NetName=GND Pin=C15-1
Added Pin To Net: NetName=GND Pin=D1-2
Added Pin To Net: NetName=GND Pin=P1-1
Added Pin To Net: NetName=GND Pin=P1-3
Added Pin To Net: NetName=GND Pin=R1-1
Added Pin To Net: NetName=GND Pin=R3-1
Added Pin To Net: NetName=GND Pin=R5-1
Added Pin To Net: NetName=GND Pin=R7-2
Added Pin To Net: NetName=GND Pin=R8-2
Added Pin To Net: NetName=GND Pin=R9-2
Added Pin To Net: NetName=GND Pin=R10-2
Added Pin To Net: NetName=GND Pin=R11-2
Added Pin To Net: NetName=GND Pin=R19-1
Added Pin To Net: NetName=GND Pin=R23-1
Added Pin To Net: NetName=GND Pin=U3-1
Added Pin To Net: NetName=/INT Pin=P1-5
Added Pin To Net: NetName=/INT Pin=R14-1
Added Net: Name=/INT
Added Pin To Net: NetName=/RESET Pin=P1-7
Added Pin To Net: NetName=/RESET Pin=R12-1
Added Net: Name=/RESET
Added Pin To Net: NetName=/SPI-SCS Pin=P1-2
Added Pin To Net: NetName=/SPI-SCS Pin=R15-1
Added Pin To Net: NetName=/SPI-SCS Pin=U1-4
Added Net: Name=/SPI-SCS
Added Pin To Net: NetName=ACTLED Pin=P2-10
Added Net: Name=ACTLED
Added Net: Name=LINKLED
Added Pin To Net: NetName=NetC13_1 Pin=C13-1
Added Net: Name=NetC13_1
Added Pin To Net: NetName=NetD1_1 Pin=D1-1
Added Pin To Net: NetName=NetD1_1 Pin=R13-1
Added Net: Name=NetD1_1
Added Pin To Net: NetName=NetP2_9 Pin=P2-9
Added Pin To Net: NetName=NetP2_9 Pin=R22-2
Added Net: Name=NetP2_9
Added Pin To Net: NetName=NetP2_12 Pin=R24-2
Added Net: Name=NetP2_12
Added Pin To Net: NetName=NetR7_1 Pin=R7-1
Added Net: Name=NetR7_1
Added Pin To Net: NetName=NetR8_1 Pin=R8-1
Added Net: Name=NetR8_1
Added Pin To Net: NetName=NetR9_1 Pin=R9-1
Added Net: Name=NetR9_1
Added Pin To Net: NetName=NetR10_1 Pin=R10-1
Added Net: Name=NetR10_1
Added Pin To Net: NetName=NetR11_1 Pin=R11-1
Added Net: Name=NetR11_1
Added Pin To Net: NetName=NetR19_2 Pin=R19-2
Added Net: Name=NetR19_2
Added Pin To Net: NetName=NetR23_2 Pin=R23-2
Added Net: Name=NetR23_2
Added Pin To Net: NetName=PMODE0 Pin=R1-2
Added Pin To Net: NetName=PMODE0 Pin=R2-1
Added Net: Name=PMODE0
Added Pin To Net: NetName=PMODE1 Pin=R3-2
Added Pin To Net: NetName=PMODE1 Pin=R4-1
Added Net: Name=PMODE1
Added Pin To Net: NetName=PMODE2 Pin=R5-2
Added Pin To Net: NetName=PMODE2 Pin=R6-1
Added Net: Name=PMODE2
Added Pin To Net: NetName=RCT Pin=C10-2
Added Pin To Net: NetName=RCT Pin=P2-5
Added Pin To Net: NetName=RCT Pin=R20-1
Added Pin To Net: NetName=RCT Pin=R21-2
Added Net: Name=RCT
Added Pin To Net: NetName=RXNNET Pin=C11-1
Added Pin To Net: NetName=RXNNET Pin=P2-6
Added Net: Name=RXNNET
Added Pin To Net: NetName=RXN Pin=C11-2
Added Pin To Net: NetName=RXN Pin=R21-1
Added Net: Name=RXN
Added Pin To Net: NetName=RXPNET Pin=C8-1
Added Pin To Net: NetName=RXPNET Pin=P2-3
Added Net: Name=RXPNET
Added Pin To Net: NetName=RXP Pin=C8-2
Added Pin To Net: NetName=RXP Pin=R20-2
Added Net: Name=RXP
Added Pin To Net: NetName=SPI-MISO Pin=P1-6
Added Net: Name=SPI-MISO
Added Pin To Net: NetName=SPI-MOSI Pin=P1-8
Added Net: Name=SPI-MOSI
Added Pin To Net: NetName=SPI-SCLK Pin=P1-4
Added Net: Name=SPI-SCLK
Added Pin To Net: NetName=TCT Pin=C9-1
Added Pin To Net: NetName=TCT Pin=P2-4
Added Pin To Net: NetName=TCT Pin=R18-2
Added Net: Name=TCT
Added Pin To Net: NetName=TXN Pin=P2-2
Added Pin To Net: NetName=TXN Pin=R17-2
Added Net: Name=TXN
Added Pin To Net: NetName=TXP Pin=P2-1
Added Pin To Net: NetName=TXP Pin=R16-2
Added Net: Name=TXP
Added Pin To Net: NetName=VCC-1V2 Pin=C14-1
Added Net: Name=VCC-1V2
Added Pin To Net: NetName=VCC-3V3A Pin=C6-2
Added Pin To Net: NetName=VCC-3V3A Pin=C7-1
Added Pin To Net: NetName=VCC-3V3A Pin=L1-2
Added Pin To Net: NetName=VCC-3V3A Pin=R16-1
Added Pin To Net: NetName=VCC-3V3A Pin=R17-1
Added Pin To Net: NetName=VCC-3V3A Pin=R18-1
Added Net: Name=VCC-3V3A
Added Pin To Net: NetName=VCC-3V3D Pin=C2-1
Added Pin To Net: NetName=VCC-3V3D Pin=C4-1
Added Pin To Net: NetName=VCC-3V3D Pin=C5-1
Added Pin To Net: NetName=VCC-3V3D Pin=L1-1
Added Pin To Net: NetName=VCC-3V3D Pin=P1-10
Added Pin To Net: NetName=VCC-3V3D Pin=R2-2
Added Pin To Net: NetName=VCC-3V3D Pin=R4-2
Added Pin To Net: NetName=VCC-3V3D Pin=R6-2
Added Pin To Net: NetName=VCC-3V3D Pin=R12-2
Added Pin To Net: NetName=VCC-3V3D Pin=R13-2
Added Pin To Net: NetName=VCC-3V3D Pin=R14-2
Added Pin To Net: NetName=VCC-3V3D Pin=R15-2
Added Pin To Net: NetName=VCC-3V3D Pin=R22-1
Added Pin To Net: NetName=VCC-3V3D Pin=R24-1
Added Pin To Net: NetName=VCC-3V3D Pin=U3-2
Added Net: Name=VCC-3V3D
Added Pin To Net: NetName=VCC-5V Pin=C1-1
Added Pin To Net: NetName=VCC-5V Pin=C3-1
Added Pin To Net: NetName=VCC-5V Pin=P1-9
Added Pin To Net: NetName=VCC-5V Pin=U3-3
Added Net: Name=VCC-5V
Added Pin To Net: NetName=XI Pin=C15-2
Added Pin To Net: NetName=XI Pin=R25-1
Added Pin To Net: NetName=XI Pin=Y1-1
Added Net: Name=XI
Added Pin To Net: NetName=XO Pin=C12-2
Added Pin To Net: NetName=XO Pin=R25-2
Added Pin To Net: NetName=XO Pin=Y1-2
Added Net: Name=XO
